Reveal-server started at http://localhost:1948
events.js:377
      throw er; // Unhandled 'error' event
      ^

Error: listen EADDRINUSE: address already in use :::35729
    at Server.setupListenHandle [as _listen2] (net.js:1331:16)
    at listenInCluster (net.js:1379:12)
    at Server.listen (net.js:1465:7)
    at Server.listen (/usr/lib/node_modules/reveal-md/node_modules/livereload/lib/livereload.js:83:28)
    at Object.exports.createServer (/usr/lib/node_modules/reveal-md/node_modules/livereload/lib/livereload.js:256:14)
    at module.exports (/usr/lib/node_modules/reveal-md/lib/server.js:32:41)
    at async /usr/lib/node_modules/reveal-md/bin/reveal-md.js:45:32
Emitted 'error' event on Server instance at:
    at Server.onError (/usr/lib/node_modules/reveal-md/node_modules/livereload/lib/livereload.js:102:19)
    at WebSocketServer.emit (events.js:400:28)
    at Server.emit (events.js:400:28)
    at emitErrorNT (net.js:1358:8)
    at processTicksAndRejections (internal/process/task_queues.js:82:21) {
  code: 'EADDRINUSE',
  errno: -98,
  syscall: 'listen',
  address: '::',
  port: 35729
}
Reveal-server started at http://localhost:1948
events.js:377
      throw er; // Unhandled 'error' event
      ^

Error: listen EADDRINUSE: address already in use :::35729
    at Server.setupListenHandle [as _listen2] (net.js:1331:16)
    at listenInCluster (net.js:1379:12)
    at Server.listen (net.js:1465:7)
    at Server.listen (/usr/lib/node_modules/reveal-md/node_modules/livereload/lib/livereload.js:83:28)
    at Object.exports.createServer (/usr/lib/node_modules/reveal-md/node_modules/livereload/lib/livereload.js:256:14)
    at module.exports (/usr/lib/node_modules/reveal-md/lib/server.js:32:41)
    at async /usr/lib/node_modules/reveal-md/bin/reveal-md.js:45:32
Emitted 'error' event on Server instance at:
    at Server.onError (/usr/lib/node_modules/reveal-md/node_modules/livereload/lib/livereload.js:102:19)
    at WebSocketServer.emit (events.js:400:28)
    at Server.emit (events.js:400:28)
    at emitErrorNT (net.js:1358:8)
    at processTicksAndRejections (internal/process/task_queues.js:82:21) {
  code: 'EADDRINUSE',
  errno: -98,
  syscall: 'listen',
  address: '::',
  port: 35729
}
Reveal-server started at http://localhost:1948
Received SIGINT, closing gracefully.
