Arguments: 
  /usr/bin/node /usr/bin/yarn docs:build

PATH: 
  /home/oeyoews/.local/bin:/usr/local/bin:/usr/bin:/var/lib/snapd/snap/bin:/usr/local/sbin:/usr/lib/jvm/default/bin:/usr/bin/site_perl:/usr/bin/vendor_perl:/usr/bin/core_perl:/home/oeyoews/.npm/bin:/home/oeyoews/dotfiles/bin

Yarn version: 
  1.22.17

Node version: 
  17.3.0

Platform: 
  linux x64

Trace: 
  SyntaxError: /home/oeyoews/REPOS/reveal-test/package.json: Unexpected string in JSON at position 127
      at JSON.parse (<anonymous>)
      at /usr/lib/node_modules/yarn/lib/cli.js:1625:59
      at Generator.next (<anonymous>)
      at step (/usr/lib/node_modules/yarn/lib/cli.js:310:30)
      at /usr/lib/node_modules/yarn/lib/cli.js:321:13

npm manifest: 
  {
    "license": "MIT",
    "devDependencies": {
      "@fontsource/inter": "^4.5.0",
      "@fontsource/jetbrains-mono": "^4.5.0"
      "reveal-md": "5.2.0"
    },
    "scripts": {
      "dev": "reveal-md slides/*.md -w",
      "docs:build": "reveal-md slides/*.md --static"
    },
    "dependencies": {
      "reveal-md": "5.2.0"
    }
  }

yarn manifest: 
  No manifest

Lockfile: 
  No lockfile
